<?xml version="1.0" encoding="UTF-8"?>
<testsuite xmlns:xsi="http://www.w3.org/2001/XMLSchema-instance" xsi:noNamespaceSchemaLocation="https://maven.apache.org/surefire/maven-surefire-plugin/xsd/surefire-test-report-3.0.xsd" version="3.0" name="com.itheima.DemoTest" time="0.042" tests="1" errors="0" skipped="0" failures="0">
  <properties>
    <property name="java.specification.version" value="21"/>
    <property name="sun.cpu.isalist" value="amd64"/>
    <property name="sun.jnu.encoding" value="GBK"/>
    <property name="java.class.path" value="D:\JavaLearn\WebToEnd\Maven\maven-project\project03\target\test-classes;D:\JavaLearn\WebToEnd\Maven\maven-project\project03\target\classes;D:\Program Files (x86)\maven\repository\log4j\log4j\1.2.14\log4j-1.2.14.jar;D:\Program Files (x86)\maven\repository\junit\junit\4.12\junit-4.12.jar;D:\Program Files (x86)\maven\repository\org\hamcrest\hamcrest-core\1.3\hamcrest-core-1.3.jar;"/>
    <property name="java.vm.vendor" value="Oracle Corporation"/>
    <property name="sun.arch.data.model" value="64"/>
    <property name="user.variant" value=""/>
    <property name="java.vendor.url" value="https://java.oracle.com/"/>
    <property name="user.timezone" value="Asia/Shanghai"/>
    <property name="os.name" value="Windows 11"/>
    <property name="java.vm.specification.version" value="21"/>
    <property name="sun.java.launcher" value="SUN_STANDARD"/>
    <property name="user.country" value="CN"/>
    <property name="sun.boot.library.path" value="C:\Users\29096\.jdks\openjdk-21.0.1\bin"/>
    <property name="sun.java.command" value="C:\Users\29096\AppData\Local\Temp\surefire10875479349583578977\surefirebooter-20240412183205191_3.jar C:\Users\29096\AppData\Local\Temp\surefire10875479349583578977 2024-04-12T18-32-05_096-jvmRun1 surefire-20240412183205191_1tmp surefire_0-20240412183205191_2tmp"/>
    <property name="jdk.debug" value="release"/>
    <property name="surefire.test.class.path" value="D:\JavaLearn\WebToEnd\Maven\maven-project\project03\target\test-classes;D:\JavaLearn\WebToEnd\Maven\maven-project\project03\target\classes;D:\Program Files (x86)\maven\repository\log4j\log4j\1.2.14\log4j-1.2.14.jar;D:\Program Files (x86)\maven\repository\junit\junit\4.12\junit-4.12.jar;D:\Program Files (x86)\maven\repository\org\hamcrest\hamcrest-core\1.3\hamcrest-core-1.3.jar;"/>
    <property name="sun.cpu.endian" value="little"/>
    <property name="user.home" value="C:\Users\29096"/>
    <property name="user.language" value="zh"/>
    <property name="java.specification.vendor" value="Oracle Corporation"/>
    <property name="java.version.date" value="2023-10-17"/>
    <property name="java.home" value="C:\Users\29096\.jdks\openjdk-21.0.1"/>
    <property name="file.separator" value="\"/>
    <property name="basedir" value="D:\JavaLearn\WebToEnd\Maven\maven-project\project03"/>
    <property name="java.vm.compressedOopsMode" value="Zero based"/>
    <property name="line.separator" value="&#10;"/>
    <property name="java.vm.specification.vendor" value="Oracle Corporation"/>
    <property name="java.specification.name" value="Java Platform API Specification"/>
    <property name="surefire.real.class.path" value="C:\Users\29096\AppData\Local\Temp\surefire10875479349583578977\surefirebooter-20240412183205191_3.jar"/>
    <property name="user.script" value=""/>
    <property name="sun.management.compiler" value="HotSpot 64-Bit Tiered Compilers"/>
    <property name="java.runtime.version" value="21.0.1+12-29"/>
    <property name="user.name" value="29096"/>
    <property name="stdout.encoding" value="GBK"/>
    <property name="path.separator" value=";"/>
    <property name="os.version" value="10.0"/>
    <property name="java.runtime.name" value="OpenJDK Runtime Environment"/>
    <property name="file.encoding" value="UTF-8"/>
    <property name="java.vm.name" value="OpenJDK 64-Bit Server VM"/>
    <property name="localRepository" value="D:\Program Files (x86)\maven\repository"/>
    <property name="java.vendor.url.bug" value="https://bugreport.java.com/bugreport/"/>
    <property name="java.io.tmpdir" value="C:\Users\29096\AppData\Local\Temp\"/>
    <property name="idea.version" value="2024.1"/>
    <property name="java.version" value="21.0.1"/>
    <property name="user.dir" value="D:\JavaLearn\WebToEnd\Maven\maven-project\project03"/>
    <property name="os.arch" value="amd64"/>
    <property name="java.vm.specification.name" value="Java Virtual Machine Specification"/>
    <property name="sun.os.patch.level" value=""/>
    <property name="native.encoding" value="GBK"/>
    <property name="java.library.path" value="C:\Users\29096\.jdks\openjdk-21.0.1\bin;C:\Windows\Sun\Java\bin;C:\Windows\system32;C:\Windows;D:\ProVerif\GTK\bin;C:\Windows\System32\HWAudioDriver;C:\Windows\system32;C:\Windows;C:\Windows\System32\Wbem;C:\Windows\System32\WindowsPowerShell\v1.0\;C:\Windows\System32\OpenSSH\;C:\Users\Administrator\AppData\Local\Microsoft\WindowsApps;C:\Program Files\Bandizip\;D:\Program Files (x86)\.jdk\JDK21\bin;D:\Program Files (x86)\MySQL\MySQL Server 8.2\bin;D:\Program Files\nodejs\;D:\Program Files\Git\cmd;D:\Program Files (x86)\apache-maven-3.9.6\bin;D:\anaconda3;D:\anaconda3\Library\mingw-w64\bin;D:\anaconda3\Library\usr\bin;D:\anaconda3\Library\bin;D:\anaconda3\Scripts;C:\Users\29096\AppData\Local\Microsoft\WindowsApps;D:\Program Files\JetBrains\GoLand 2023.2.2\bin;;D:\Program Files\JetBrains\IntelliJ IDEA 2023.2.2\bin;;D:\Program Files\JetBrains\WebStorm 2023.2.2\bin;;%DevEco Studio%;D:\Program Files\JetBrains\DataGrip 2023.3.2\bin;;D:\Microsoft VS Code\bin;C:\Users\29096\AppData\Roaming\npm;C:\Users\29096\AppData\Local\GitHubDesktop\bin;."/>
    <property name="java.vm.info" value="mixed mode, sharing"/>
    <property name="stderr.encoding" value="GBK"/>
    <property name="java.vendor" value="Oracle Corporation"/>
    <property name="java.vm.version" value="21.0.1+12-29"/>
    <property name="sun.io.unicode.encoding" value="UnicodeLittle"/>
    <property name="maven.repo.local" value="D:\Program Files (x86)\maven\repository"/>
    <property name="java.class.version" value="65.0"/>
  </properties>
  <testcase name="test" classname="com.itheima.DemoTest" time="0.009">
    <system-out><![CDATA[ test source code plugin...
]]></system-out>
  </testcase>
</testsuite>