<?xml version="1.0" encoding="UTF-8"?>
<testsuite xmlns:xsi="http://www.w3.org/2001/XMLSchema-instance" xsi:noNamespaceSchemaLocation="https://maven.apache.org/surefire/maven-surefire-plugin/xsd/surefire-test-report-3.0.xsd" version="3.0" name="com.itheima.Springboot04ProfileApplicationTests" time="2.895" tests="1" errors="0" skipped="0" failures="0">
  <properties>
    <property name="java.specification.version" value="21"/>
    <property name="sun.cpu.isalist" value="amd64"/>
    <property name="sun.jnu.encoding" value="GBK"/>
    <property name="java.class.path" value="D:\JavaLearn\WebToEnd\SpringBoot\springboot_04_profile\target\test-classes;D:\JavaLearn\WebToEnd\SpringBoot\springboot_04_profile\target\classes;D:\Program Files (x86)\maven\repository\org\springframework\boot\spring-boot-starter-web\3.3.1\spring-boot-starter-web-3.3.1.jar;D:\Program Files (x86)\maven\repository\org\springframework\boot\spring-boot-starter\3.3.1\spring-boot-starter-3.3.1.jar;D:\Program Files (x86)\maven\repository\org\springframework\boot\spring-boot\3.3.1\spring-boot-3.3.1.jar;D:\Program Files (x86)\maven\repository\org\springframework\boot\spring-boot-autoconfigure\3.3.1\spring-boot-autoconfigure-3.3.1.jar;D:\Program Files (x86)\maven\repository\org\springframework\boot\spring-boot-starter-logging\3.3.1\spring-boot-starter-logging-3.3.1.jar;D:\Program Files (x86)\maven\repository\ch\qos\logback\logback-classic\1.5.6\logback-classic-1.5.6.jar;D:\Program Files (x86)\maven\repository\ch\qos\logback\logback-core\1.5.6\logback-core-1.5.6.jar;D:\Program Files (x86)\maven\repository\org\apache\logging\log4j\log4j-to-slf4j\2.23.1\log4j-to-slf4j-2.23.1.jar;D:\Program Files (x86)\maven\repository\org\apache\logging\log4j\log4j-api\2.23.1\log4j-api-2.23.1.jar;D:\Program Files (x86)\maven\repository\org\slf4j\jul-to-slf4j\2.0.13\jul-to-slf4j-2.0.13.jar;D:\Program Files (x86)\maven\repository\jakarta\annotation\jakarta.annotation-api\2.1.1\jakarta.annotation-api-2.1.1.jar;D:\Program Files (x86)\maven\repository\org\yaml\snakeyaml\2.2\snakeyaml-2.2.jar;D:\Program Files (x86)\maven\repository\org\springframework\boot\spring-boot-starter-json\3.3.1\spring-boot-starter-json-3.3.1.jar;D:\Program Files (x86)\maven\repository\com\fasterxml\jackson\core\jackson-databind\2.17.1\jackson-databind-2.17.1.jar;D:\Program Files (x86)\maven\repository\com\fasterxml\jackson\core\jackson-annotations\2.17.1\jackson-annotations-2.17.1.jar;D:\Program Files (x86)\maven\repository\com\fasterxml\jackson\core\jackson-core\2.17.1\jackson-core-2.17.1.jar;D:\Program Files (x86)\maven\repository\com\fasterxml\jackson\datatype\jackson-datatype-jdk8\2.17.1\jackson-datatype-jdk8-2.17.1.jar;D:\Program Files (x86)\maven\repository\com\fasterxml\jackson\datatype\jackson-datatype-jsr310\2.17.1\jackson-datatype-jsr310-2.17.1.jar;D:\Program Files (x86)\maven\repository\com\fasterxml\jackson\module\jackson-module-parameter-names\2.17.1\jackson-module-parameter-names-2.17.1.jar;D:\Program Files (x86)\maven\repository\org\springframework\boot\spring-boot-starter-tomcat\3.3.1\spring-boot-starter-tomcat-3.3.1.jar;D:\Program Files (x86)\maven\repository\org\apache\tomcat\embed\tomcat-embed-core\10.1.25\tomcat-embed-core-10.1.25.jar;D:\Program Files (x86)\maven\repository\org\apache\tomcat\embed\tomcat-embed-el\10.1.25\tomcat-embed-el-10.1.25.jar;D:\Program Files (x86)\maven\repository\org\apache\tomcat\embed\tomcat-embed-websocket\10.1.25\tomcat-embed-websocket-10.1.25.jar;D:\Program Files (x86)\maven\repository\org\springframework\spring-web\6.1.10\spring-web-6.1.10.jar;D:\Program Files (x86)\maven\repository\org\springframework\spring-beans\6.1.10\spring-beans-6.1.10.jar;D:\Program Files (x86)\maven\repository\io\micrometer\micrometer-observation\1.13.1\micrometer-observation-1.13.1.jar;D:\Program Files (x86)\maven\repository\io\micrometer\micrometer-commons\1.13.1\micrometer-commons-1.13.1.jar;D:\Program Files (x86)\maven\repository\org\springframework\spring-webmvc\6.1.10\spring-webmvc-6.1.10.jar;D:\Program Files (x86)\maven\repository\org\springframework\spring-aop\6.1.10\spring-aop-6.1.10.jar;D:\Program Files (x86)\maven\repository\org\springframework\spring-context\6.1.10\spring-context-6.1.10.jar;D:\Program Files (x86)\maven\repository\org\springframework\spring-expression\6.1.10\spring-expression-6.1.10.jar;D:\Program Files (x86)\maven\repository\org\springframework\boot\spring-boot-starter-test\3.3.1\spring-boot-starter-test-3.3.1.jar;D:\Program Files (x86)\maven\repository\org\springframework\boot\spring-boot-test\3.3.1\spring-boot-test-3.3.1.jar;D:\Program Files (x86)\maven\repository\org\springframework\boot\spring-boot-test-autoconfigure\3.3.1\spring-boot-test-autoconfigure-3.3.1.jar;D:\Program Files (x86)\maven\repository\com\jayway\jsonpath\json-path\2.9.0\json-path-2.9.0.jar;D:\Program Files (x86)\maven\repository\org\slf4j\slf4j-api\2.0.13\slf4j-api-2.0.13.jar;D:\Program Files (x86)\maven\repository\jakarta\xml\bind\jakarta.xml.bind-api\4.0.2\jakarta.xml.bind-api-4.0.2.jar;D:\Program Files (x86)\maven\repository\jakarta\activation\jakarta.activation-api\2.1.3\jakarta.activation-api-2.1.3.jar;D:\Program Files (x86)\maven\repository\net\minidev\json-smart\2.5.1\json-smart-2.5.1.jar;D:\Program Files (x86)\maven\repository\net\minidev\accessors-smart\2.5.1\accessors-smart-2.5.1.jar;D:\Program Files (x86)\maven\repository\org\ow2\asm\asm\9.6\asm-9.6.jar;D:\Program Files (x86)\maven\repository\org\assertj\assertj-core\3.25.3\assertj-core-3.25.3.jar;D:\Program Files (x86)\maven\repository\net\bytebuddy\byte-buddy\1.14.17\byte-buddy-1.14.17.jar;D:\Program Files (x86)\maven\repository\org\awaitility\awaitility\4.2.1\awaitility-4.2.1.jar;D:\Program Files (x86)\maven\repository\org\hamcrest\hamcrest\2.2\hamcrest-2.2.jar;D:\Program Files (x86)\maven\repository\org\junit\jupiter\junit-jupiter\5.10.2\junit-jupiter-5.10.2.jar;D:\Program Files (x86)\maven\repository\org\junit\jupiter\junit-jupiter-api\5.10.2\junit-jupiter-api-5.10.2.jar;D:\Program Files (x86)\maven\repository\org\opentest4j\opentest4j\1.3.0\opentest4j-1.3.0.jar;D:\Program Files (x86)\maven\repository\org\junit\platform\junit-platform-commons\1.10.2\junit-platform-commons-1.10.2.jar;D:\Program Files (x86)\maven\repository\org\apiguardian\apiguardian-api\1.1.2\apiguardian-api-1.1.2.jar;D:\Program Files (x86)\maven\repository\org\junit\jupiter\junit-jupiter-params\5.10.2\junit-jupiter-params-5.10.2.jar;D:\Program Files (x86)\maven\repository\org\junit\jupiter\junit-jupiter-engine\5.10.2\junit-jupiter-engine-5.10.2.jar;D:\Program Files (x86)\maven\repository\org\junit\platform\junit-platform-engine\1.10.2\junit-platform-engine-1.10.2.jar;D:\Program Files (x86)\maven\repository\org\mockito\mockito-core\5.11.0\mockito-core-5.11.0.jar;D:\Program Files (x86)\maven\repository\net\bytebuddy\byte-buddy-agent\1.14.17\byte-buddy-agent-1.14.17.jar;D:\Program Files (x86)\maven\repository\org\objenesis\objenesis\3.3\objenesis-3.3.jar;D:\Program Files (x86)\maven\repository\org\mockito\mockito-junit-jupiter\5.11.0\mockito-junit-jupiter-5.11.0.jar;D:\Program Files (x86)\maven\repository\org\skyscreamer\jsonassert\1.5.1\jsonassert-1.5.1.jar;D:\Program Files (x86)\maven\repository\com\vaadin\external\google\android-json\0.0.20131108.vaadin1\android-json-0.0.20131108.vaadin1.jar;D:\Program Files (x86)\maven\repository\org\springframework\spring-core\6.1.10\spring-core-6.1.10.jar;D:\Program Files (x86)\maven\repository\org\springframework\spring-jcl\6.1.10\spring-jcl-6.1.10.jar;D:\Program Files (x86)\maven\repository\org\springframework\spring-test\6.1.10\spring-test-6.1.10.jar;D:\Program Files (x86)\maven\repository\org\xmlunit\xmlunit-core\2.9.1\xmlunit-core-2.9.1.jar;"/>
    <property name="java.vm.vendor" value="Oracle Corporation"/>
    <property name="sun.arch.data.model" value="64"/>
    <property name="user.variant" value=""/>
    <property name="java.vendor.url" value="https://java.oracle.com/"/>
    <property name="user.timezone" value="Asia/Shanghai"/>
    <property name="os.name" value="Windows 11"/>
    <property name="java.vm.specification.version" value="21"/>
    <property name="sun.java.launcher" value="SUN_STANDARD"/>
    <property name="user.country" value="CN"/>
    <property name="sun.boot.library.path" value="C:\Users\29096\.jdks\openjdk-21.0.1\bin"/>
    <property name="sun.java.command" value="C:\Users\29096\AppData\Local\Temp\surefire7161515119287793969\surefirebooter-20240711111007148_3.jar C:\Users\29096\AppData\Local\Temp\surefire7161515119287793969 2024-07-11T11-10-07_028-jvmRun1 surefire-20240711111007148_1tmp surefire_0-20240711111007148_2tmp"/>
    <property name="jdk.debug" value="release"/>
    <property name="surefire.test.class.path" value="D:\JavaLearn\WebToEnd\SpringBoot\springboot_04_profile\target\test-classes;D:\JavaLearn\WebToEnd\SpringBoot\springboot_04_profile\target\classes;D:\Program Files (x86)\maven\repository\org\springframework\boot\spring-boot-starter-web\3.3.1\spring-boot-starter-web-3.3.1.jar;D:\Program Files (x86)\maven\repository\org\springframework\boot\spring-boot-starter\3.3.1\spring-boot-starter-3.3.1.jar;D:\Program Files (x86)\maven\repository\org\springframework\boot\spring-boot\3.3.1\spring-boot-3.3.1.jar;D:\Program Files (x86)\maven\repository\org\springframework\boot\spring-boot-autoconfigure\3.3.1\spring-boot-autoconfigure-3.3.1.jar;D:\Program Files (x86)\maven\repository\org\springframework\boot\spring-boot-starter-logging\3.3.1\spring-boot-starter-logging-3.3.1.jar;D:\Program Files (x86)\maven\repository\ch\qos\logback\logback-classic\1.5.6\logback-classic-1.5.6.jar;D:\Program Files (x86)\maven\repository\ch\qos\logback\logback-core\1.5.6\logback-core-1.5.6.jar;D:\Program Files (x86)\maven\repository\org\apache\logging\log4j\log4j-to-slf4j\2.23.1\log4j-to-slf4j-2.23.1.jar;D:\Program Files (x86)\maven\repository\org\apache\logging\log4j\log4j-api\2.23.1\log4j-api-2.23.1.jar;D:\Program Files (x86)\maven\repository\org\slf4j\jul-to-slf4j\2.0.13\jul-to-slf4j-2.0.13.jar;D:\Program Files (x86)\maven\repository\jakarta\annotation\jakarta.annotation-api\2.1.1\jakarta.annotation-api-2.1.1.jar;D:\Program Files (x86)\maven\repository\org\yaml\snakeyaml\2.2\snakeyaml-2.2.jar;D:\Program Files (x86)\maven\repository\org\springframework\boot\spring-boot-starter-json\3.3.1\spring-boot-starter-json-3.3.1.jar;D:\Program Files (x86)\maven\repository\com\fasterxml\jackson\core\jackson-databind\2.17.1\jackson-databind-2.17.1.jar;D:\Program Files (x86)\maven\repository\com\fasterxml\jackson\core\jackson-annotations\2.17.1\jackson-annotations-2.17.1.jar;D:\Program Files (x86)\maven\repository\com\fasterxml\jackson\core\jackson-core\2.17.1\jackson-core-2.17.1.jar;D:\Program Files (x86)\maven\repository\com\fasterxml\jackson\datatype\jackson-datatype-jdk8\2.17.1\jackson-datatype-jdk8-2.17.1.jar;D:\Program Files (x86)\maven\repository\com\fasterxml\jackson\datatype\jackson-datatype-jsr310\2.17.1\jackson-datatype-jsr310-2.17.1.jar;D:\Program Files (x86)\maven\repository\com\fasterxml\jackson\module\jackson-module-parameter-names\2.17.1\jackson-module-parameter-names-2.17.1.jar;D:\Program Files (x86)\maven\repository\org\springframework\boot\spring-boot-starter-tomcat\3.3.1\spring-boot-starter-tomcat-3.3.1.jar;D:\Program Files (x86)\maven\repository\org\apache\tomcat\embed\tomcat-embed-core\10.1.25\tomcat-embed-core-10.1.25.jar;D:\Program Files (x86)\maven\repository\org\apache\tomcat\embed\tomcat-embed-el\10.1.25\tomcat-embed-el-10.1.25.jar;D:\Program Files (x86)\maven\repository\org\apache\tomcat\embed\tomcat-embed-websocket\10.1.25\tomcat-embed-websocket-10.1.25.jar;D:\Program Files (x86)\maven\repository\org\springframework\spring-web\6.1.10\spring-web-6.1.10.jar;D:\Program Files (x86)\maven\repository\org\springframework\spring-beans\6.1.10\spring-beans-6.1.10.jar;D:\Program Files (x86)\maven\repository\io\micrometer\micrometer-observation\1.13.1\micrometer-observation-1.13.1.jar;D:\Program Files (x86)\maven\repository\io\micrometer\micrometer-commons\1.13.1\micrometer-commons-1.13.1.jar;D:\Program Files (x86)\maven\repository\org\springframework\spring-webmvc\6.1.10\spring-webmvc-6.1.10.jar;D:\Program Files (x86)\maven\repository\org\springframework\spring-aop\6.1.10\spring-aop-6.1.10.jar;D:\Program Files (x86)\maven\repository\org\springframework\spring-context\6.1.10\spring-context-6.1.10.jar;D:\Program Files (x86)\maven\repository\org\springframework\spring-expression\6.1.10\spring-expression-6.1.10.jar;D:\Program Files (x86)\maven\repository\org\springframework\boot\spring-boot-starter-test\3.3.1\spring-boot-starter-test-3.3.1.jar;D:\Program Files (x86)\maven\repository\org\springframework\boot\spring-boot-test\3.3.1\spring-boot-test-3.3.1.jar;D:\Program Files (x86)\maven\repository\org\springframework\boot\spring-boot-test-autoconfigure\3.3.1\spring-boot-test-autoconfigure-3.3.1.jar;D:\Program Files (x86)\maven\repository\com\jayway\jsonpath\json-path\2.9.0\json-path-2.9.0.jar;D:\Program Files (x86)\maven\repository\org\slf4j\slf4j-api\2.0.13\slf4j-api-2.0.13.jar;D:\Program Files (x86)\maven\repository\jakarta\xml\bind\jakarta.xml.bind-api\4.0.2\jakarta.xml.bind-api-4.0.2.jar;D:\Program Files (x86)\maven\repository\jakarta\activation\jakarta.activation-api\2.1.3\jakarta.activation-api-2.1.3.jar;D:\Program Files (x86)\maven\repository\net\minidev\json-smart\2.5.1\json-smart-2.5.1.jar;D:\Program Files (x86)\maven\repository\net\minidev\accessors-smart\2.5.1\accessors-smart-2.5.1.jar;D:\Program Files (x86)\maven\repository\org\ow2\asm\asm\9.6\asm-9.6.jar;D:\Program Files (x86)\maven\repository\org\assertj\assertj-core\3.25.3\assertj-core-3.25.3.jar;D:\Program Files (x86)\maven\repository\net\bytebuddy\byte-buddy\1.14.17\byte-buddy-1.14.17.jar;D:\Program Files (x86)\maven\repository\org\awaitility\awaitility\4.2.1\awaitility-4.2.1.jar;D:\Program Files (x86)\maven\repository\org\hamcrest\hamcrest\2.2\hamcrest-2.2.jar;D:\Program Files (x86)\maven\repository\org\junit\jupiter\junit-jupiter\5.10.2\junit-jupiter-5.10.2.jar;D:\Program Files (x86)\maven\repository\org\junit\jupiter\junit-jupiter-api\5.10.2\junit-jupiter-api-5.10.2.jar;D:\Program Files (x86)\maven\repository\org\opentest4j\opentest4j\1.3.0\opentest4j-1.3.0.jar;D:\Program Files (x86)\maven\repository\org\junit\platform\junit-platform-commons\1.10.2\junit-platform-commons-1.10.2.jar;D:\Program Files (x86)\maven\repository\org\apiguardian\apiguardian-api\1.1.2\apiguardian-api-1.1.2.jar;D:\Program Files (x86)\maven\repository\org\junit\jupiter\junit-jupiter-params\5.10.2\junit-jupiter-params-5.10.2.jar;D:\Program Files (x86)\maven\repository\org\junit\jupiter\junit-jupiter-engine\5.10.2\junit-jupiter-engine-5.10.2.jar;D:\Program Files (x86)\maven\repository\org\junit\platform\junit-platform-engine\1.10.2\junit-platform-engine-1.10.2.jar;D:\Program Files (x86)\maven\repository\org\mockito\mockito-core\5.11.0\mockito-core-5.11.0.jar;D:\Program Files (x86)\maven\repository\net\bytebuddy\byte-buddy-agent\1.14.17\byte-buddy-agent-1.14.17.jar;D:\Program Files (x86)\maven\repository\org\objenesis\objenesis\3.3\objenesis-3.3.jar;D:\Program Files (x86)\maven\repository\org\mockito\mockito-junit-jupiter\5.11.0\mockito-junit-jupiter-5.11.0.jar;D:\Program Files (x86)\maven\repository\org\skyscreamer\jsonassert\1.5.1\jsonassert-1.5.1.jar;D:\Program Files (x86)\maven\repository\com\vaadin\external\google\android-json\0.0.20131108.vaadin1\android-json-0.0.20131108.vaadin1.jar;D:\Program Files (x86)\maven\repository\org\springframework\spring-core\6.1.10\spring-core-6.1.10.jar;D:\Program Files (x86)\maven\repository\org\springframework\spring-jcl\6.1.10\spring-jcl-6.1.10.jar;D:\Program Files (x86)\maven\repository\org\springframework\spring-test\6.1.10\spring-test-6.1.10.jar;D:\Program Files (x86)\maven\repository\org\xmlunit\xmlunit-core\2.9.1\xmlunit-core-2.9.1.jar;"/>
    <property name="sun.cpu.endian" value="little"/>
    <property name="user.home" value="C:\Users\29096"/>
    <property name="user.language" value="zh"/>
    <property name="java.specification.vendor" value="Oracle Corporation"/>
    <property name="java.version.date" value="2023-10-17"/>
    <property name="java.home" value="C:\Users\29096\.jdks\openjdk-21.0.1"/>
    <property name="file.separator" value="\"/>
    <property name="basedir" value="D:\JavaLearn\WebToEnd\SpringBoot\springboot_04_profile"/>
    <property name="java.vm.compressedOopsMode" value="Zero based"/>
    <property name="line.separator" value="&#10;"/>
    <property name="java.vm.specification.vendor" value="Oracle Corporation"/>
    <property name="java.specification.name" value="Java Platform API Specification"/>
    <property name="FILE_LOG_CHARSET" value="UTF-8"/>
    <property name="java.awt.headless" value="true"/>
    <property name="surefire.real.class.path" value="C:\Users\29096\AppData\Local\Temp\surefire7161515119287793969\surefirebooter-20240711111007148_3.jar"/>
    <property name="user.script" value=""/>
    <property name="sun.management.compiler" value="HotSpot 64-Bit Tiered Compilers"/>
    <property name="java.runtime.version" value="21.0.1+12-29"/>
    <property name="user.name" value="29096"/>
    <property name="stdout.encoding" value="GBK"/>
    <property name="path.separator" value=";"/>
    <property name="os.version" value="10.0"/>
    <property name="java.runtime.name" value="OpenJDK Runtime Environment"/>
    <property name="file.encoding" value="UTF-8"/>
    <property name="java.vm.name" value="OpenJDK 64-Bit Server VM"/>
    <property name="localRepository" value="D:\Program Files (x86)\maven\repository"/>
    <property name="java.vendor.url.bug" value="https://bugreport.java.com/bugreport/"/>
    <property name="java.io.tmpdir" value="C:\Users\29096\AppData\Local\Temp\"/>
    <property name="idea.version" value="2024.1.4"/>
    <property name="java.version" value="21.0.1"/>
    <property name="user.dir" value="D:\JavaLearn\WebToEnd\SpringBoot\springboot_04_profile"/>
    <property name="os.arch" value="amd64"/>
    <property name="java.vm.specification.name" value="Java Virtual Machine Specification"/>
    <property name="PID" value="8180"/>
    <property name="sun.os.patch.level" value=""/>
    <property name="CONSOLE_LOG_CHARSET" value="UTF-8"/>
    <property name="native.encoding" value="GBK"/>
    <property name="java.library.path" value="C:\Users\29096\.jdks\openjdk-21.0.1\bin;C:\Windows\Sun\Java\bin;C:\Windows\system32;C:\Windows;C:\Program Files (x86)\Common Files\Intel\Shared Libraries\redist\intel64\compiler;D:\ProVerif\GTK\bin;C:\Windows\System32\HWAudioDriver;C:\Windows\system32;C:\Windows;C:\Windows\System32\Wbem;C:\Windows\System32\WindowsPowerShell\v1.0\;C:\Windows\System32\OpenSSH\;C:\Users\Administrator\AppData\Local\Microsoft\WindowsApps;C:\Program Files\Bandizip\;D:\Program Files (x86)\.jdk\JDK21\bin;D:\Program Files (x86)\MySQL\MySQL Server 8.2\bin;D:\Program Files\nodejs\;D:\Program Files (x86)\apache-maven-3.9.6\bin;C:\Program Files\Docker\Docker\resources\bin;D:\Program Files\Git\cmd;D:\anaconda3;D:\anaconda3\Library\mingw-w64\bin;D:\anaconda3\Library\usr\bin;D:\anaconda3\Library\bin;D:\anaconda3\Scripts;%USERPROFILE%\AppData\Local\Microsoft\WindowsApps;%GoLand%;%IntelliJ IDEA%;%WebStorm%;%DevEco Studio%;%DataGrip%;D:\Microsoft VS Code\bin;C:\Users\29096\AppData\Roaming\npm;C:\Users\29096\AppData\Local\GitHubDesktop\bin;%PyCharm%;."/>
    <property name="java.vm.info" value="mixed mode, sharing"/>
    <property name="stderr.encoding" value="GBK"/>
    <property name="java.vendor" value="Oracle Corporation"/>
    <property name="java.vm.version" value="21.0.1+12-29"/>
    <property name="sun.io.unicode.encoding" value="UnicodeLittle"/>
    <property name="java.class.version" value="65.0"/>
    <property name="LOGGED_APPLICATION_NAME" value="[springboot_04_profile] "/>
  </properties>
  <testcase name="contextLoads" classname="com.itheima.Springboot04ProfileApplicationTests" time="0.8">
    <system-out><![CDATA[11:10:08.040 [main] INFO org.springframework.test.context.support.AnnotationConfigContextLoaderUtils -- Could not detect default configuration classes for test class [com.itheima.Springboot04ProfileApplicationTests]: Springboot04ProfileApplicationTests does not declare any static, non-private, non-final, nested classes annotated with @Configuration.
11:10:08.139 [main] INFO org.springframework.boot.test.context.SpringBootTestContextBootstrapper -- Found @SpringBootConfiguration com.itheima.Springboot04ProfileApplication for test class com.itheima.Springboot04ProfileApplicationTests

  .   ____          _            __ _ _
 /\\ / ___'_ __ _ _(_)_ __  __ _ \ \ \ \
( ( )\___ | '_ | '_| | '_ \/ _` | \ \ \ \
 \\/  ___)| |_)| | | | | || (_| |  ) ) ) )
  '  |____| .__|_| |_|_| |_\__, | / / / /
 =========|_|==============|___/=/_/_/_/

 :: Spring Boot ::                (v3.3.1)

2024-07-11T11:10:08.606+08:00  INFO 8180 --- [springboot_04_profile] [           main] c.i.Springboot04ProfileApplicationTests  : Starting Springboot04ProfileApplicationTests using Java 21.0.1 with PID 8180 (started by 29096 in D:\JavaLearn\WebToEnd\SpringBoot\springboot_04_profile)
2024-07-11T11:10:08.607+08:00  INFO 8180 --- [springboot_04_profile] [           main] c.i.Springboot04ProfileApplicationTests  : The following 1 profile is active: "dev"
2024-07-11T11:10:09.960+08:00  INFO 8180 --- [springboot_04_profile] [           main] c.i.Springboot04ProfileApplicationTests  : Started Springboot04ProfileApplicationTests in 1.671 seconds (process running for 2.704)
]]></system-out>
    <system-err><![CDATA[WARNING: A Java agent has been loaded dynamically (D:\Program Files (x86)\maven\repository\net\bytebuddy\byte-buddy-agent\1.14.17\byte-buddy-agent-1.14.17.jar)
WARNING: If a serviceability tool is in use, please run with -XX:+EnableDynamicAgentLoading to hide this warning
WARNING: If a serviceability tool is not in use, please run with -Djdk.instrument.traceUsage for more information
WARNING: Dynamic loading of agents will be disallowed by default in a future release
]]></system-err>
  </testcase>
</testsuite>